<?xml version="1.0" encoding="UTF-8"?>
<testsuite xmlns:xsi="http://www.w3.org/2001/XMLSchema-instance" xsi:noNamespaceSchemaLocation="https://maven.apache.org/surefire/maven-surefire-plugin/xsd/surefire-test-report-3.0.xsd" version="3.0" name="TestSuite" time="54.854" tests="6" errors="0" skipped="0" failures="2">
  <properties>
[...]
</properties>
  <testcase name="loginPageNavigationTest" classname="tests.HomePageTest" time="0.493">
    <system-out><![CDATA[...
... TestNG 7.7.0 by Cédric Beust (cedric@beust.com)
...

Test Suite started!
I am in onStart method  Login Page Test_chromium
browser name is : chromium
browser name is : chromium
loginPageNavigationTest started!
I am in onTestStart method loginPageNavigationTest start
page title: Connexion
page act title: Connexion
I am in onTestSuccess method loginPageNavigationTest succeed
loginPageNavigationTest passed!
]]></system-out>
    <system-err><![CDATA[SLF4J: Failed to load class "org.slf4j.impl.StaticLoggerBinder".
SLF4J: Defaulting to no-operation (NOP) logger implementation
SLF4J: See http://www.slf4j.org/codes.html#StaticLoggerBinder for further details.
]]></system-err>
  </testcase>
  <testcase name="appLoginTest" classname="tests.HomePageTest" time="7.215">
    <system-out><![CDATA[appLoginTest started!
I am in onTestStart method appLoginTest start
App creds: ubogni@gmail.com:Ulrich77
user is logged in successfully....
ok
I am in onTestSuccess method appLoginTest succeed
appLoginTest passed!
]]></system-out>
  </testcase>
  <testcase name="searchTest[T-shirt](1)" classname="tests.HomePageTest" time="1.367">
    <system-out><![CDATA[searchTest started!
I am in onTestStart method searchTest start
Le produit est bien present
I am in onTestSuccess method searchTest succeed
searchTest passed!
]]></system-out>
  </testcase>
  <testcase name="searchTest[xoxo](2)" classname="tests.HomePageTest" time="16.466">
    <failure message="Produit inexistant dans la base de donnée" type="java.lang.AssertionError"><![CDATA[java.lang.AssertionError: Produit inexistant dans la base de donnée
	at org.testng.Assert.fail(Assert.java:110)
	at tests.HomePageTest.searchTest(HomePageTest.java:101)
	at java.base/jdk.internal.reflect.NativeMethodAccessorImpl.invoke0(Native Method)
	at java.base/jdk.internal.reflect.NativeMethodAccessorImpl.invoke(NativeMethodAccessorImpl.java:77)
	at java.base/jdk.internal.reflect.DelegatingMethodAccessorImpl.invoke(DelegatingMethodAccessorImpl.java:43)
	at java.base/java.lang.reflect.Method.invoke(Method.java:568)
	at org.testng.internal.invokers.MethodInvocationHelper.invokeMethod(MethodInvocationHelper.java:139)
	at org.testng.internal.invokers.TestInvoker.invokeMethod(TestInvoker.java:677)
	at org.testng.internal.invokers.TestInvoker.invokeTestMethod(TestInvoker.java:221)
	at org.testng.internal.invokers.MethodRunner.runInSequence(MethodRunner.java:50)
	at org.testng.internal.invokers.TestInvoker$MethodInvocationAgent.invoke(TestInvoker.java:969)
	at org.testng.internal.invokers.TestInvoker.invokeTestMethods(TestInvoker.java:194)
	at org.testng.internal.invokers.TestMethodWorker.invokeTestMethods(TestMethodWorker.java:148)
	at org.testng.internal.invokers.TestMethodWorker.run(TestMethodWorker.java:128)
	at java.base/java.util.ArrayList.forEach(ArrayList.java:1511)
	at org.testng.TestRunner.privateRun(TestRunner.java:829)
	at org.testng.TestRunner.run(TestRunner.java:602)
	at org.testng.SuiteRunner.runTest(SuiteRunner.java:437)
	at org.testng.SuiteRunner$SuiteWorker.run(SuiteRunner.java:475)
	at org.testng.internal.thread.ThreadUtil.lambda$execute$0(ThreadUtil.java:58)
	at java.base/java.util.concurrent.FutureTask.run(FutureTask.java:264)
	at java.base/java.util.concurrent.ThreadPoolExecutor.runWorker(ThreadPoolExecutor.java:1136)
	at java.base/java.util.concurrent.ThreadPoolExecutor$Worker.run(ThreadPoolExecutor.java:635)
	at java.base/java.lang.Thread.run(Thread.java:833)
]]></failure>
    <system-out><![CDATA[searchTest started!
I am in onTestStart method searchTest start
Timeout pour le résultat de la recherche!
I am in onTestFailure method searchTest failed
Screenshot captured for test case:searchTest
searchTest failed!
]]></system-out>
  </testcase>
  <testcase name="searchTest[chaise](3)" classname="tests.HomePageTest" time="1.375">
    <system-out><![CDATA[searchTest started!
I am in onTestStart method searchTest start
Le produit est bien present
Le produit est bien present
I am in onTestSuccess method searchTest succeed
searchTest passed!
]]></system-out>
  </testcase>
  <testcase name="searchTest[ulrich](4)" classname="tests.HomePageTest" time="16.404">
    <failure message="Produit inexistant dans la base de donnée" type="java.lang.AssertionError"><![CDATA[java.lang.AssertionError: Produit inexistant dans la base de donnée
	at org.testng.Assert.fail(Assert.java:110)
	at tests.HomePageTest.searchTest(HomePageTest.java:101)
	at java.base/jdk.internal.reflect.NativeMethodAccessorImpl.invoke0(Native Method)
	at java.base/jdk.internal.reflect.NativeMethodAccessorImpl.invoke(NativeMethodAccessorImpl.java:77)
	at java.base/jdk.internal.reflect.DelegatingMethodAccessorImpl.invoke(DelegatingMethodAccessorImpl.java:43)
	at java.base/java.lang.reflect.Method.invoke(Method.java:568)
	at org.testng.internal.invokers.MethodInvocationHelper.invokeMethod(MethodInvocationHelper.java:139)
	at org.testng.internal.invokers.TestInvoker.invokeMethod(TestInvoker.java:677)
	at org.testng.internal.invokers.TestInvoker.invokeTestMethod(TestInvoker.java:221)
	at org.testng.internal.invokers.MethodRunner.runInSequence(MethodRunner.java:50)
	at org.testng.internal.invokers.TestInvoker$MethodInvocationAgent.invoke(TestInvoker.java:969)
	at org.testng.internal.invokers.TestInvoker.invokeTestMethods(TestInvoker.java:194)
	at org.testng.internal.invokers.TestMethodWorker.invokeTestMethods(TestMethodWorker.java:148)
	at org.testng.internal.invokers.TestMethodWorker.run(TestMethodWorker.java:128)
	at java.base/java.util.ArrayList.forEach(ArrayList.java:1511)
	at org.testng.TestRunner.privateRun(TestRunner.java:829)
	at org.testng.TestRunner.run(TestRunner.java:602)
	at org.testng.SuiteRunner.runTest(SuiteRunner.java:437)
	at org.testng.SuiteRunner$SuiteWorker.run(SuiteRunner.java:475)
	at org.testng.internal.thread.ThreadUtil.lambda$execute$0(ThreadUtil.java:58)
	at java.base/java.util.concurrent.FutureTask.run(FutureTask.java:264)
	at java.base/java.util.concurrent.ThreadPoolExecutor.runWorker(ThreadPoolExecutor.java:1136)
	at java.base/java.util.concurrent.ThreadPoolExecutor$Worker.run(ThreadPoolExecutor.java:635)
	at java.base/java.lang.Thread.run(Thread.java:833)
]]></failure>
    <system-out><![CDATA[searchTest started!
I am in onTestStart method searchTest start
Timeout pour le résultat de la recherche!
I am in onTestFailure method searchTest failed
Screenshot captured for test case:searchTest
searchTest failed!
]]></system-out>
  </testcase>
</testsuite>